#
# An unexpected error has occurred (11)
#
Stack:
/usr/lib/libc.so.6(+0x330b0) [0x7f01906ac0b0]
/usr/lib/libpthread.so.0(+0x126a0) [0x7f019016a6a0]
/home/a5er/Programms/ETH/Xilinx/Vivado/2016.4/lib/lnx64.o/librdi_synth.so(HARTNDb::waitForLoadPart()+0x49) [0x7f01614c8469]
/home/a5er/Programms/ETH/Xilinx/Vivado/2016.4/lib/lnx64.o/librdi_synth.so(+0xc72c0f) [0x7f0161668c0f]
/home/a5er/Programms/ETH/Xilinx/Vivado/2016.4/lib/lnx64.o/librdi_synth.so(+0xb4b265) [0x7f0161541265]
/home/a5er/Programms/ETH/Xilinx/Vivado/2016.4/lib/lnx64.o/libtcl8.5.so(+0x331f5) [0x7f018c6621f5]
/home/a5er/Programms/ETH/Xilinx/Vivado/2016.4/lib/lnx64.o/libtcl8.5.so(+0x76bbe) [0x7f018c6a5bbe]
/home/a5er/Programms/ETH/Xilinx/Vivado/2016.4/lib/lnx64.o/libtcl8.5.so(+0x7e767) [0x7f018c6ad767]
/home/a5er/Programms/ETH/Xilinx/Vivado/2016.4/lib/lnx64.o/libtcl8.5.so(TclEvalObjEx+0x77) [0x7f018c664327]
/home/a5er/Programms/ETH/Xilinx/Vivado/2016.4/lib/lnx64.o/librdi_commontasks.so(+0x2d0887) [0x7f018892b887]
/home/a5er/Programms/ETH/Xilinx/Vivado/2016.4/lib/lnx64.o/libtcl8.5.so(+0x331f5) [0x7f018c6621f5]
/home/a5er/Programms/ETH/Xilinx/Vivado/2016.4/lib/lnx64.o/libtcl8.5.so(+0x76bbe) [0x7f018c6a5bbe]
/home/a5er/Programms/ETH/Xilinx/Vivado/2016.4/lib/lnx64.o/libtcl8.5.so(Tcl_ExprObj+0xfb) [0x7f018c6ad33b]
/home/a5er/Programms/ETH/Xilinx/Vivado/2016.4/lib/lnx64.o/libtcl8.5.so(Tcl_ExprBooleanObj+0x16) [0x7f018c6630c6]
/home/a5er/Programms/ETH/Xilinx/Vivado/2016.4/lib/lnx64.o/libtcl8.5.so(+0x3eae8) [0x7f018c66dae8]
/home/a5er/Programms/ETH/Xilinx/Vivado/2016.4/lib/lnx64.o/libtcl8.5.so(+0x331f5) [0x7f018c6621f5]
/home/a5er/Programms/ETH/Xilinx/Vivado/2016.4/lib/lnx64.o/libtcl8.5.so(+0x34d6b) [0x7f018c663d6b]
/home/a5er/Programms/ETH/Xilinx/Vivado/2016.4/lib/lnx64.o/libtcl8.5.so(Tcl_EvalEx+0x16) [0x7f018c664276]
/home/a5er/Programms/ETH/Xilinx/Vivado/2016.4/lib/lnx64.o/libtcl8.5.so(Tcl_FSEvalFileEx+0x1d2) [0x7f018c6c8d02]
/home/a5er/Programms/ETH/Xilinx/Vivado/2016.4/lib/lnx64.o/librdi_commontasks.so(+0x2edfb2) [0x7f0188948fb2]
/home/a5er/Programms/ETH/Xilinx/Vivado/2016.4/lib/lnx64.o/librdi_common.so(+0x5f8f37) [0x7f0191732f37]
/home/a5er/Programms/ETH/Xilinx/Vivado/2016.4/lib/lnx64.o/libtcl8.5.so(+0x331f5) [0x7f018c6621f5]
/home/a5er/Programms/ETH/Xilinx/Vivado/2016.4/lib/lnx64.o/libtcl8.5.so(+0x76bbe) [0x7f018c6a5bbe]
/home/a5er/Programms/ETH/Xilinx/Vivado/2016.4/lib/lnx64.o/libtcl8.5.so(+0x7e767) [0x7f018c6ad767]
/home/a5er/Programms/ETH/Xilinx/Vivado/2016.4/lib/lnx64.o/libtcl8.5.so(TclEvalObjEx+0x77) [0x7f018c664327]
/home/a5er/Programms/ETH/Xilinx/Vivado/2016.4/lib/lnx64.o/libtcl8.5.so(+0xb740f) [0x7f018c6e640f]
/home/a5er/Programms/ETH/Xilinx/Vivado/2016.4/lib/lnx64.o/libtcl8.5.so(+0x331f5) [0x7f018c6621f5]
/home/a5er/Programms/ETH/Xilinx/Vivado/2016.4/lib/lnx64.o/libtcl8.5.so(+0x76bbe) [0x7f018c6a5bbe]
/home/a5er/Programms/ETH/Xilinx/Vivado/2016.4/lib/lnx64.o/libtcl8.5.so(+0x7e767) [0x7f018c6ad767]
/home/a5er/Programms/ETH/Xilinx/Vivado/2016.4/lib/lnx64.o/libtcl8.5.so(TclEvalObjEx+0x77) [0x7f018c664327]
/home/a5er/Programms/ETH/Xilinx/Vivado/2016.4/lib/lnx64.o/librdi_commontasks.so(+0x2d0924) [0x7f018892b924]
/home/a5er/Programms/ETH/Xilinx/Vivado/2016.4/lib/lnx64.o/libtcl8.5.so(+0x331f5) [0x7f018c6621f5]
/home/a5er/Programms/ETH/Xilinx/Vivado/2016.4/lib/lnx64.o/libtcl8.5.so(+0x34d6b) [0x7f018c663d6b]
/home/a5er/Programms/ETH/Xilinx/Vivado/2016.4/lib/lnx64.o/libtcl8.5.so(+0xad531) [0x7f018c6dc531]
/home/a5er/Programms/ETH/Xilinx/Vivado/2016.4/lib/lnx64.o/libtcl8.5.so(+0x3491c) [0x7f018c66391c]
/home/a5er/Programms/ETH/Xilinx/Vivado/2016.4/lib/lnx64.o/libtcl8.5.so(Tcl_EvalEx+0x16) [0x7f018c664276]
/home/a5er/Programms/ETH/Xilinx/Vivado/2016.4/lib/lnx64.o/libtcl8.5.so(Tcl_FSEvalFileEx+0x1d2) [0x7f018c6c8d02]
/home/a5er/Programms/ETH/Xilinx/Vivado/2016.4/lib/lnx64.o/librdi_commontasks.so(+0x2edfb2) [0x7f0188948fb2]
/home/a5er/Programms/ETH/Xilinx/Vivado/2016.4/lib/lnx64.o/librdi_common.so(+0x5f8f37) [0x7f0191732f37]
/home/a5er/Programms/ETH/Xilinx/Vivado/2016.4/lib/lnx64.o/libtcl8.5.so(+0x331f5) [0x7f018c6621f5]
/home/a5er/Programms/ETH/Xilinx/Vivado/2016.4/lib/lnx64.o/libtcl8.5.so(Tcl_EvalObjv+0x32) [0x7f018c6627e2]
/home/a5er/Programms/ETH/Xilinx/Vivado/2016.4/lib/lnx64.o/libtcl8.5.so(TclEvalObjEx+0x322) [0x7f018c6645d2]
/home/a5er/Programms/ETH/Xilinx/Vivado/2016.4/lib/lnx64.o/librdi_common.so(hdi::tcltasks::task_manager::eval_in_tcl(Tcl_Interp*, Tcl_Obj*, char const*, bool)+0x7fd) [0x7f01917348fd]
/home/a5er/Programms/ETH/Xilinx/Vivado/2016.4/lib/lnx64.o/librdi_designutils.so(HRTInvoker::inProcessLaunch(HDGUIStatus&)+0x1ef) [0x7f017d90f00f]
/home/a5er/Programms/ETH/Xilinx/Vivado/2016.4/lib/lnx64.o/librdi_designutils.so(HRTInvoker::launch(HDGUIStatus&)+0x4b5) [0x7f017d90fd65]
/home/a5er/Programms/ETH/Xilinx/Vivado/2016.4/lib/lnx64.o/librdi_vivadotasks.so(+0x3c62b7) [0x7f015e3312b7]
/home/a5er/Programms/ETH/Xilinx/Vivado/2016.4/lib/lnx64.o/librdi_vivadotasks.so(+0x3cda2f) [0x7f015e338a2f]
/home/a5er/Programms/ETH/Xilinx/Vivado/2016.4/lib/lnx64.o/librdi_common.so(+0x5f8f37) [0x7f0191732f37]
/home/a5er/Programms/ETH/Xilinx/Vivado/2016.4/lib/lnx64.o/libtcl8.5.so(+0x331f5) [0x7f018c6621f5]
/home/a5er/Programms/ETH/Xilinx/Vivado/2016.4/lib/lnx64.o/libtcl8.5.so(+0x34d6b) [0x7f018c663d6b]
/home/a5er/Programms/ETH/Xilinx/Vivado/2016.4/lib/lnx64.o/libtcl8.5.so(Tcl_EvalEx+0x16) [0x7f018c664276]
/home/a5er/Programms/ETH/Xilinx/Vivado/2016.4/lib/lnx64.o/libtcl8.5.so(Tcl_FSEvalFileEx+0x1d2) [0x7f018c6c8d02]
/home/a5er/Programms/ETH/Xilinx/Vivado/2016.4/lib/lnx64.o/librdi_commontasks.so(+0x2edfb2) [0x7f0188948fb2]
/home/a5er/Programms/ETH/Xilinx/Vivado/2016.4/lib/lnx64.o/librdi_common.so(+0x5f8f37) [0x7f0191732f37]
/home/a5er/Programms/ETH/Xilinx/Vivado/2016.4/lib/lnx64.o/libtcl8.5.so(+0x331f5) [0x7f018c6621f5]
/home/a5er/Programms/ETH/Xilinx/Vivado/2016.4/lib/lnx64.o/libtcl8.5.so(Tcl_EvalObjv+0x32) [0x7f018c6627e2]
/home/a5er/Programms/ETH/Xilinx/Vivado/2016.4/lib/lnx64.o/libtcl8.5.so(TclEvalObjEx+0x322) [0x7f018c6645d2]
/home/a5er/Programms/ETH/Xilinx/Vivado/2016.4/lib/lnx64.o/librdi_commontasks.so(+0x30bef9) [0x7f0188966ef9]
/home/a5er/Programms/ETH/Xilinx/Vivado/2016.4/lib/lnx64.o/librdi_commontasks.so(+0x304d43) [0x7f018895fd43]
/home/a5er/Programms/ETH/Xilinx/Vivado/2016.4/lib/lnx64.o/librdi_common.so(+0x5f8f37) [0x7f0191732f37]
/home/a5er/Programms/ETH/Xilinx/Vivado/2016.4/lib/lnx64.o/libtcl8.5.so(+0x331f5) [0x7f018c6621f5]
/home/a5er/Programms/ETH/Xilinx/Vivado/2016.4/lib/lnx64.o/libtcl8.5.so(Tcl_EvalObjv+0x32) [0x7f018c6627e2]
/home/a5er/Programms/ETH/Xilinx/Vivado/2016.4/lib/lnx64.o/libtcl8.5.so(TclEvalObjEx+0x322) [0x7f018c6645d2]
/home/a5er/Programms/ETH/Xilinx/Vivado/2016.4/lib/lnx64.o/librdi_commonmain.so(+0x6430) [0x7f0190f35430]
/home/a5er/Programms/ETH/Xilinx/Vivado/2016.4/lib/lnx64.o/libtcl8.5.so(Tcl_Main+0x1d5) [0x7f018c6cf175]
/home/a5er/Programms/ETH/Xilinx/Vivado/2016.4/lib/lnx64.o/librdi_common.so(+0x631d09) [0x7f019176bd09]
/usr/lib/libpthread.so.0(+0x7454) [0x7f019015f454]
/usr/lib/libc.so.6(clone+0x5f) [0x7f01907617df]
