#
# An unexpected error has occurred (11)
#
Stack:
/usr/lib/libc.so.6(+0x330b0) [0x7fb02b6ec0b0]
/usr/lib/libpthread.so.0(+0x126a0) [0x7fb02b1aa6a0]
/home/a5er/Programms/ETH/Xilinx/Vivado/2016.4/lib/lnx64.o/librdi_synth.so(HARTNDb::waitForLoadPart()+0x49) [0x7faffc508469]
/home/a5er/Programms/ETH/Xilinx/Vivado/2016.4/lib/lnx64.o/librdi_synth.so(+0xc72c0f) [0x7faffc6a8c0f]
/home/a5er/Programms/ETH/Xilinx/Vivado/2016.4/lib/lnx64.o/librdi_synth.so(+0xb4b265) [0x7faffc581265]
/home/a5er/Programms/ETH/Xilinx/Vivado/2016.4/lib/lnx64.o/libtcl8.5.so(+0x331f5) [0x7fb0276a21f5]
/home/a5er/Programms/ETH/Xilinx/Vivado/2016.4/lib/lnx64.o/libtcl8.5.so(+0x76bbe) [0x7fb0276e5bbe]
/home/a5er/Programms/ETH/Xilinx/Vivado/2016.4/lib/lnx64.o/libtcl8.5.so(+0x7e767) [0x7fb0276ed767]
/home/a5er/Programms/ETH/Xilinx/Vivado/2016.4/lib/lnx64.o/libtcl8.5.so(TclEvalObjEx+0x77) [0x7fb0276a4327]
/home/a5er/Programms/ETH/Xilinx/Vivado/2016.4/lib/lnx64.o/librdi_commontasks.so(+0x2d0887) [0x7fb02396b887]
/home/a5er/Programms/ETH/Xilinx/Vivado/2016.4/lib/lnx64.o/libtcl8.5.so(+0x331f5) [0x7fb0276a21f5]
/home/a5er/Programms/ETH/Xilinx/Vivado/2016.4/lib/lnx64.o/libtcl8.5.so(+0x76bbe) [0x7fb0276e5bbe]
/home/a5er/Programms/ETH/Xilinx/Vivado/2016.4/lib/lnx64.o/libtcl8.5.so(Tcl_ExprObj+0xfb) [0x7fb0276ed33b]
/home/a5er/Programms/ETH/Xilinx/Vivado/2016.4/lib/lnx64.o/libtcl8.5.so(Tcl_ExprBooleanObj+0x16) [0x7fb0276a30c6]
/home/a5er/Programms/ETH/Xilinx/Vivado/2016.4/lib/lnx64.o/libtcl8.5.so(+0x3eae8) [0x7fb0276adae8]
/home/a5er/Programms/ETH/Xilinx/Vivado/2016.4/lib/lnx64.o/libtcl8.5.so(+0x331f5) [0x7fb0276a21f5]
/home/a5er/Programms/ETH/Xilinx/Vivado/2016.4/lib/lnx64.o/libtcl8.5.so(+0x34d6b) [0x7fb0276a3d6b]
/home/a5er/Programms/ETH/Xilinx/Vivado/2016.4/lib/lnx64.o/libtcl8.5.so(Tcl_EvalEx+0x16) [0x7fb0276a4276]
/home/a5er/Programms/ETH/Xilinx/Vivado/2016.4/lib/lnx64.o/libtcl8.5.so(Tcl_FSEvalFileEx+0x1d2) [0x7fb027708d02]
/home/a5er/Programms/ETH/Xilinx/Vivado/2016.4/lib/lnx64.o/librdi_commontasks.so(+0x2edfb2) [0x7fb023988fb2]
/home/a5er/Programms/ETH/Xilinx/Vivado/2016.4/lib/lnx64.o/librdi_common.so(+0x5f8f37) [0x7fb02c772f37]
/home/a5er/Programms/ETH/Xilinx/Vivado/2016.4/lib/lnx64.o/libtcl8.5.so(+0x331f5) [0x7fb0276a21f5]
/home/a5er/Programms/ETH/Xilinx/Vivado/2016.4/lib/lnx64.o/libtcl8.5.so(+0x76bbe) [0x7fb0276e5bbe]
/home/a5er/Programms/ETH/Xilinx/Vivado/2016.4/lib/lnx64.o/libtcl8.5.so(+0x7e767) [0x7fb0276ed767]
/home/a5er/Programms/ETH/Xilinx/Vivado/2016.4/lib/lnx64.o/libtcl8.5.so(TclEvalObjEx+0x77) [0x7fb0276a4327]
/home/a5er/Programms/ETH/Xilinx/Vivado/2016.4/lib/lnx64.o/libtcl8.5.so(+0xb740f) [0x7fb02772640f]
/home/a5er/Programms/ETH/Xilinx/Vivado/2016.4/lib/lnx64.o/libtcl8.5.so(+0x331f5) [0x7fb0276a21f5]
/home/a5er/Programms/ETH/Xilinx/Vivado/2016.4/lib/lnx64.o/libtcl8.5.so(+0x76bbe) [0x7fb0276e5bbe]
/home/a5er/Programms/ETH/Xilinx/Vivado/2016.4/lib/lnx64.o/libtcl8.5.so(+0x7e767) [0x7fb0276ed767]
/home/a5er/Programms/ETH/Xilinx/Vivado/2016.4/lib/lnx64.o/libtcl8.5.so(TclEvalObjEx+0x77) [0x7fb0276a4327]
/home/a5er/Programms/ETH/Xilinx/Vivado/2016.4/lib/lnx64.o/librdi_commontasks.so(+0x2d0924) [0x7fb02396b924]
/home/a5er/Programms/ETH/Xilinx/Vivado/2016.4/lib/lnx64.o/libtcl8.5.so(+0x331f5) [0x7fb0276a21f5]
/home/a5er/Programms/ETH/Xilinx/Vivado/2016.4/lib/lnx64.o/libtcl8.5.so(+0x34d6b) [0x7fb0276a3d6b]
/home/a5er/Programms/ETH/Xilinx/Vivado/2016.4/lib/lnx64.o/libtcl8.5.so(+0xad531) [0x7fb02771c531]
/home/a5er/Programms/ETH/Xilinx/Vivado/2016.4/lib/lnx64.o/libtcl8.5.so(+0x3491c) [0x7fb0276a391c]
/home/a5er/Programms/ETH/Xilinx/Vivado/2016.4/lib/lnx64.o/libtcl8.5.so(Tcl_EvalEx+0x16) [0x7fb0276a4276]
/home/a5er/Programms/ETH/Xilinx/Vivado/2016.4/lib/lnx64.o/libtcl8.5.so(Tcl_FSEvalFileEx+0x1d2) [0x7fb027708d02]
/home/a5er/Programms/ETH/Xilinx/Vivado/2016.4/lib/lnx64.o/librdi_commontasks.so(+0x2edfb2) [0x7fb023988fb2]
/home/a5er/Programms/ETH/Xilinx/Vivado/2016.4/lib/lnx64.o/librdi_common.so(+0x5f8f37) [0x7fb02c772f37]
/home/a5er/Programms/ETH/Xilinx/Vivado/2016.4/lib/lnx64.o/libtcl8.5.so(+0x331f5) [0x7fb0276a21f5]
/home/a5er/Programms/ETH/Xilinx/Vivado/2016.4/lib/lnx64.o/libtcl8.5.so(Tcl_EvalObjv+0x32) [0x7fb0276a27e2]
/home/a5er/Programms/ETH/Xilinx/Vivado/2016.4/lib/lnx64.o/libtcl8.5.so(TclEvalObjEx+0x322) [0x7fb0276a45d2]
/home/a5er/Programms/ETH/Xilinx/Vivado/2016.4/lib/lnx64.o/librdi_common.so(hdi::tcltasks::task_manager::eval_in_tcl(Tcl_Interp*, Tcl_Obj*, char const*, bool)+0x7fd) [0x7fb02c7748fd]
/home/a5er/Programms/ETH/Xilinx/Vivado/2016.4/lib/lnx64.o/librdi_designutils.so(HRTInvoker::inProcessLaunch(HDGUIStatus&)+0x1ef) [0x7fb01894f00f]
/home/a5er/Programms/ETH/Xilinx/Vivado/2016.4/lib/lnx64.o/librdi_designutils.so(HRTInvoker::launch(HDGUIStatus&)+0x4b5) [0x7fb01894fd65]
/home/a5er/Programms/ETH/Xilinx/Vivado/2016.4/lib/lnx64.o/librdi_vivadotasks.so(+0x3c62b7) [0x7faff93712b7]
/home/a5er/Programms/ETH/Xilinx/Vivado/2016.4/lib/lnx64.o/librdi_vivadotasks.so(+0x3cda2f) [0x7faff9378a2f]
/home/a5er/Programms/ETH/Xilinx/Vivado/2016.4/lib/lnx64.o/librdi_common.so(+0x5f8f37) [0x7fb02c772f37]
/home/a5er/Programms/ETH/Xilinx/Vivado/2016.4/lib/lnx64.o/libtcl8.5.so(+0x331f5) [0x7fb0276a21f5]
/home/a5er/Programms/ETH/Xilinx/Vivado/2016.4/lib/lnx64.o/libtcl8.5.so(+0x34d6b) [0x7fb0276a3d6b]
/home/a5er/Programms/ETH/Xilinx/Vivado/2016.4/lib/lnx64.o/libtcl8.5.so(Tcl_EvalEx+0x16) [0x7fb0276a4276]
/home/a5er/Programms/ETH/Xilinx/Vivado/2016.4/lib/lnx64.o/libtcl8.5.so(Tcl_FSEvalFileEx+0x1d2) [0x7fb027708d02]
/home/a5er/Programms/ETH/Xilinx/Vivado/2016.4/lib/lnx64.o/librdi_commontasks.so(+0x2edfb2) [0x7fb023988fb2]
/home/a5er/Programms/ETH/Xilinx/Vivado/2016.4/lib/lnx64.o/librdi_common.so(+0x5f8f37) [0x7fb02c772f37]
/home/a5er/Programms/ETH/Xilinx/Vivado/2016.4/lib/lnx64.o/libtcl8.5.so(+0x331f5) [0x7fb0276a21f5]
/home/a5er/Programms/ETH/Xilinx/Vivado/2016.4/lib/lnx64.o/libtcl8.5.so(Tcl_EvalObjv+0x32) [0x7fb0276a27e2]
/home/a5er/Programms/ETH/Xilinx/Vivado/2016.4/lib/lnx64.o/libtcl8.5.so(TclEvalObjEx+0x322) [0x7fb0276a45d2]
/home/a5er/Programms/ETH/Xilinx/Vivado/2016.4/lib/lnx64.o/librdi_commontasks.so(+0x30bef9) [0x7fb0239a6ef9]
/home/a5er/Programms/ETH/Xilinx/Vivado/2016.4/lib/lnx64.o/librdi_commontasks.so(+0x304d43) [0x7fb02399fd43]
/home/a5er/Programms/ETH/Xilinx/Vivado/2016.4/lib/lnx64.o/librdi_common.so(+0x5f8f37) [0x7fb02c772f37]
/home/a5er/Programms/ETH/Xilinx/Vivado/2016.4/lib/lnx64.o/libtcl8.5.so(+0x331f5) [0x7fb0276a21f5]
/home/a5er/Programms/ETH/Xilinx/Vivado/2016.4/lib/lnx64.o/libtcl8.5.so(Tcl_EvalObjv+0x32) [0x7fb0276a27e2]
/home/a5er/Programms/ETH/Xilinx/Vivado/2016.4/lib/lnx64.o/libtcl8.5.so(TclEvalObjEx+0x322) [0x7fb0276a45d2]
/home/a5er/Programms/ETH/Xilinx/Vivado/2016.4/lib/lnx64.o/librdi_commonmain.so(+0x6430) [0x7fb02bf75430]
/home/a5er/Programms/ETH/Xilinx/Vivado/2016.4/lib/lnx64.o/libtcl8.5.so(Tcl_Main+0x1d5) [0x7fb02770f175]
/home/a5er/Programms/ETH/Xilinx/Vivado/2016.4/lib/lnx64.o/librdi_common.so(+0x631d09) [0x7fb02c7abd09]
/usr/lib/libpthread.so.0(+0x7454) [0x7fb02b19f454]
/usr/lib/libc.so.6(clone+0x5f) [0x7fb02b7a17df]
